
> react-kavia@0.1.0 start
> react-scripts start

(node:3690) [DEP_WEBPACK_DEV_SERVER_ON_AFTER_SETUP_MIDDLEWARE] DeprecationWarning: 'onAfterSetupMiddleware' option is deprecated. Please use the 'setupMiddlewares' option.
(Use `node --trace-deprecation ...` to show where the warning was created)
(node:3690) [DEP_WEBPACK_DEV_SERVER_ON_BEFORE_SETUP_MIDDLEWARE] DeprecationWarning: 'onBeforeSetupMiddleware' option is deprecated. Please use the 'setupMiddlewares' option.
Starting the development server...

Compiled with warnings.

[eslint] 
src/components/CourseScheduling.js
  Line 36:28:  'setAvailableCourses' is assigned a value but never used  no-unused-vars

Search for the keywords to learn more about each warning.
To ignore, add // eslint-disable-next-line to the line before.

WARNING in [eslint] 
src/components/CourseScheduling.js
  Line 36:28:  'setAvailableCourses' is assigned a value but never used  no-unused-vars

webpack compiled with 1 warning
Compiling...
Compiled with warnings.

[eslint] 
src/components/CourseScheduling.js
  Line 36:28:  'setAvailableCourses' is assigned a value but never used  no-unused-vars

src/components/faculty/FacultyDetails.js
  Line 3:22:  'Button' is defined but never used  no-unused-vars

src/components/faculty/FacultyManagement.js
  Line 1:27:  'useCallback' is defined but never used               no-unused-vars
  Line 2:29:  'IconButton' is defined but never used                no-unused-vars
  Line 6:3:   'calculateTeachingLoad' is defined but never used     no-unused-vars
  Line 8:3:   'validateCourseAssignment' is defined but never used  no-unused-vars

Search for the keywords to learn more about each warning.
To ignore, add // eslint-disable-next-line to the line before.

WARNING in [eslint] 
src/components/CourseScheduling.js
  Line 36:28:  'setAvailableCourses' is assigned a value but never used  no-unused-vars

src/components/faculty/FacultyDetails.js
  Line 3:22:  'Button' is defined but never used  no-unused-vars

src/components/faculty/FacultyManagement.js
  Line 1:27:  'useCallback' is defined but never used               no-unused-vars
  Line 2:29:  'IconButton' is defined but never used                no-unused-vars
  Line 6:3:   'calculateTeachingLoad' is defined but never used     no-unused-vars
  Line 8:3:   'validateCourseAssignment' is defined but never used  no-unused-vars

webpack compiled with 1 warning
Compiling...
Compiled with warnings.

[eslint] 
src/components/CourseScheduling.js
  Line 36:28:  'setAvailableCourses' is assigned a value but never used  no-unused-vars

src/components/faculty/FacultyDetails.js
  Line 3:22:  'Button' is defined but never used  no-unused-vars

src/components/faculty/FacultyManagement.js
  Line 1:27:  'useCallback' is defined but never used               no-unused-vars
  Line 2:29:  'IconButton' is defined but never used                no-unused-vars
  Line 6:3:   'calculateTeachingLoad' is defined but never used     no-unused-vars
  Line 8:3:   'validateCourseAssignment' is defined but never used  no-unused-vars

Search for the keywords to learn more about each warning.
To ignore, add // eslint-disable-next-line to the line before.

WARNING in [eslint] 
src/components/CourseScheduling.js
  Line 36:28:  'setAvailableCourses' is assigned a value but never used  no-unused-vars

src/components/faculty/FacultyDetails.js
  Line 3:22:  'Button' is defined but never used  no-unused-vars

src/components/faculty/FacultyManagement.js
  Line 1:27:  'useCallback' is defined but never used               no-unused-vars
  Line 2:29:  'IconButton' is defined but never used                no-unused-vars
  Line 6:3:   'calculateTeachingLoad' is defined but never used     no-unused-vars
  Line 8:3:   'validateCourseAssignment' is defined but never used  no-unused-vars

webpack compiled with 1 warning
